-------------------------------------------------------------------------------
Test set: TestSuite
-------------------------------------------------------------------------------
Tests run: 6, Failures: 1, Errors: 0, Skipped: 0, Time elapsed: 80.504 sec <<< FAILURE! - in TestSuite
searchExistingNote(com.test.automation.tests.TC005_SearchNotes)  Time elapsed: 5.27 sec  <<< FAILURE!
java.lang.AssertionError: expected:<true> but was:<false>
	at com.test.automation.tests.TC005_SearchNotes.searchExistingNote(TC005_SearchNotes.java:18)

